'0'
'0-'
'0-9'
'0----'
'0-_-0'
'0.'
'0.0.1'
'0-100'
'0.js'
'0.1f'
https://api.github.com/repos/mengxingshike2012/0.1
0
'0.0'
'0.1.unity-settings-daemon'
'0.0.168'
'0.2.18'
'0.0.250'
'0.1.0'
'00'
'001'
'00-test'
'001_skt'
'00.demo'
'000-webpack'
'001-npm'
'002-bao'
'002-globals'
'001_test'
'002'
'003-3'
'003threeweek'
'002twoweek'
'003'
https://api.github.com/repos/dongweizhao/003
0
'003-bingpic'
'004-module'
'004-bingpic'
'004-week'
'002-npm'
'003-npm'
'005-http-antao'
'005-gxp'
'005-http'
'005'
'005http'
'005-http-jin'
'005-https-cxb'
'005-http-open'
'008-mysql'
'008-somepackage'
'009'
'01'
'01-03'
'0.workspace'
'007'
https://api.github.com/repos/btford/007
21
'01-calc'
'01-cute'
'01.test-cnpm'
'01.22pagination'
'010-static-http-server'
'01_01_node_moment_practice_ray'
'02'
'01-simple'
'0126af95c0e2d9b0a7c78738c4c00a860b04acc8'
https://api.github.com/repos/stevemao/0126af95c0e2d9b0a7c78738c4c00a860b04acc8
11
'01-numacert'
'02-sms-async'
'02-be-modular'
'02-newmodule'
'02-szhm18'
'0226'
'02_day'
'02day'
'02-echo'
'01gind-modulea'
'02.lijcreatefolder'
'02.wenjianmokuai'
'02moduletest'
'020'
'02moduletest2406'
'02wapcalc'
'03-09import1601l'
'02wzdbcala'
'03'
'03-24'
'02url-querystring-http'
'03-github-paged-profile-search'
'02vue_toast_demo'
'03092'
'03-npm'
'0310'
'037'
'03-ooooooooo'
'03day'
'03thirdparty'
'04-code'
'04-oct'
'03_a_package'
'04_111'
'04.12.2017'
'04uppercase'
'03wenjianshangchuan'
'05-feb'
'05-npm-test'
'05npm'
'05module_package'
'06'
'06-asserts'
'05using-package-json'
'06-use-weixing-bao'
'06.07'
'06_cli_applications_using_nodejs'
'06_byvoidmodule'
'05test'
'0709day1'
'06_lion-lib'
'0724aaa'
'07-esercizio-fake-users'
'0717_node'
'0717'
'08'
'0806zss'
'0806zss1'
'0825mytest'
'0830_arr_publish'
'0831aklnsd'
'08npm'
'0901'
'09-19'
'0907'
'09aac0b7d986b720253a65a47d1fd3d9'
https://api.github.com/repos/jhermsmeier/npm-bot-downloads
2
'0b'
'0card-images-helper'
'0cwi-shp-framework'
'0cean-client'
'08cms'
'0hub'
https://api.github.com/repos/amireh/zerohub
0
'0latency'
'0flux'
'0l'
'0o0'
'0o0zttest'
'0726react'
'0model'
https://api.github.com/repos/Daeren/0model
1
'0o'
'0n'
https://api.github.com/repos/cagataycali/0n
1
'0rpc'
'0s'
https://api.github.com/repos/joeyism/node-zeroes
1
'0ui'
'0q0-roblox'
'0x-connect-v0'
https://api.github.com/repos/AntonioJuliano/0x-connect-v0
1
'0x-assert'
'0x-types-v0'
https://api.github.com/repos/AntonioJuliano/0x-types-v0
1
'0x-subproviders'
'0x-json-schemas'
'0x-relay-types'
'0x-relay-utils'
'0x.js-v0'
https://api.github.com/repos/AntonioJuliano/0x.js-v0
1
'0x005-publish-own-module'
'0x21'
'0x23'
'0xcert'
'0xff'
'0x00-pl--avg-pack-to-ttf'
https://api.github.com/repos/0x00-pl/svg2ttf
2
'0x_exchange'
'0x00-pl--svg-pack-to-ttf'
https://api.github.com/repos/0x00-pl/svg2ttf
2
'0zengguohua17099'
https://api.github.com/repos/HGItHub520/test
0
'1----'
'1-1-help-desk-system'
'1-assert'
'1'
https://api.github.com/repos/IndigoUnited/node-1
11
'0xorderbuilder'
https://api.github.com/repos/AmadeusRelay/0xOrderBuilder
0
'1-client'
'1-liners-cli'
https://api.github.com/repos/loklaan/1-liners-cli
0
'1-of'
'1.0.0-rc.3'
'1-click-bom'
https://api.github.com/repos/monostable/nodejs-1-click-bom
1
'1.0.1'
'1.0.2'
'1.0.3'
'1.1.1'
'1.1.0'
'1.125'
'1.18yanzhu-demo'
'1.3.0'
'1.js'
'1.restaurantpackage'
'10'
'10-10'
'10-01-2017'
'1.0.0-rc.2'
'10-9'
'10-9week01'
'10-21-landing'
https://api.github.com/repos/npm/security-holder
49
'1-try'
'10.16yangrantest'
'10.30.npm-learning'
'10.31'
'10.916513131'
'10.9week1'
'10.9zhoukaoyi'
'100'
'100-101-ws'
'10.calc'
'100-prisoners'
https://api.github.com/repos/kamilmielnik/100-prisoners
0
'100-syl-10-16'
'1-wire-js'
https://api.github.com/repos/KeiserCorp/1-Wire-JS
1
'1000000usd'
https://api.github.com/repos/thread-speaker/1000000usd
0
'10091989.test'
'1000phone'
'1009jineng'
'100notes-dispatcher'
https://api.github.com/repos/100notes/dispatcher
0
'100notes-comments'
https://api.github.com/repos/100notes/comments-component
0
'1003788917-12.25'
'10086'
'1-liners'
https://api.github.com/repos/1-liners/1-liners
622
'100pourcent'
'10000'
'101-es6'
https://api.github.com/repos/tjmehta/101
1525
'101-tomekwi'
https://api.github.com/repos/tjmehta/101
1525
'10119-subdep'
'1011'
'101pack'
https://api.github.com/repos/Riderxyz/testeComponente
0
'102'
'1017tell'
'1046396106'
'1024'
'0x'
https://api.github.com/repos/davidmarkclements/0x
1173
'102f'
https://api.github.com/repos/ayshiff/102
0
'10bisjs'
https://api.github.com/repos/GabiGrin/10bisjs
6
'10bis'
https://api.github.com/repos/GabiGrin/10bisjs
6
'10119-dep'
'10cartsharing'
https://api.github.com/repos/id0Sch/cart-sharing
1
'1010'
'106'
https://api.github.com/repos/grantila/106
0
'101'
https://api.github.com/repos/tjmehta/101
1525
'10minutemail'
https://api.github.com/repos/orapouso/node-10minutemail
8
'11-25'
'11'
'11-28'
'10tcl'
'11-packagename'
'11-packagemath'
'11.01'
'11.28'
'11.27-node.js'
'11.29lx'
'1094904274'
'10sapi'
'10er10'
https://api.github.com/repos/dready92/10er10
61
'11.3.1'
'11.3ji'
'11.4zice'
'11.5'
'11.6-zk'
'11.6wook'
'11.calculator'
https://api.github.com/repos/zhan1218/calculator
1
'10chars-test'
'11.library'
'11001010'
'1106zhoukao'
'110'
'111-draft-js-alignment-plugin'
https://api.github.com/repos/draft-js-plugins/draft-js-plugins
2965
'111'
'111-kf11'
'11111111111111112'
'1111'
'1111sample1111'
'1111sample2222'
'111-draft-js-image-plugin'
https://api.github.com/repos/draft-js-plugins/draft-js-plugins
2965
'111dd'
'1120'
'1122334455665544332211'
'1123'
'1129'
'1123v'
'1130'
'1143_oi2_glossar'
'11_15nodejs'
'11_'
'11class111'
'11online-fetch-helpers'
https://api.github.com/repos/11online/fetch-helpers
0
'11sepnode2'
'11online-redux-helpers'
https://api.github.com/repos/11online/redux-helpers
0
'11xiaoli'
'11zgit-fs'
https://api.github.com/repos/creationix/node-git
202
'11znode-meta'
'11zsimple-mime'
https://api.github.com/repos/creationix/simple-mime
27
'11zstack'
https://api.github.com/repos/creationix/stack
107
'11zwheat'
https://api.github.com/repos/sun11/wheat
0
'12'
'12-03-2014-michelle-speak'
'12-3-14_breana-gonzales_speak'
'12-9'
'111-react-simpleform'
https://api.github.com/repos/111StudioKK/react-simpleform
0
'12.01week'
'12.1a'
'12.1_z'
'12.09'
'12.26hourun666'
'12.1rikaojineng'
'12.26zy'
'12.29rikaojineng'
'12.6'
'1201'
'1206'
'121'
https://api.github.com/repos/zc1411165087/tengxunyun
0
'1212'
'12121'
'12122'
'1216l'
'1221'
'1225hahaha'
'1226aaa'
'1226m'
'1226bbb'
'1226mmm'
'1227bao'
'12306'
'123'
'123-app'
'1234'
'123321math'
'0x.js'
https://api.github.com/repos/0xProject/0x-monorepo
900
'12312sgdfgsf'
'1234.npm'
'1234123'
'12341241234124124124324t'
https://api.github.com/repos/npm/security-holder
49
'1234567890987654321'
'12345'
'123456789yuyong'
'123456789gendiff123456'
https://api.github.com/repos/drytikov/project-lvl2-s129
0
'12345678gendiff123456'
https://api.github.com/repos/drytikov/project-lvl2-s129
0
'12306-cli'
https://api.github.com/repos/lpgray/12306-cli
57
'1234567gendiff123456'
https://api.github.com/repos/drytikov/project-lvl2-s129
0
'123456987456231'
'12345abcdehaha'
'12345explore'
'123456gendiff123456'
https://api.github.com/repos/drytikov/project-lvl2-s129
0
'12345testmodule'
https://api.github.com/repos/WellTemperedFate/Node_modules
0
'1234gendiff123456'
https://api.github.com/repos/drytikov/project-lvl2-s129
0
'123_first_1234'
https://api.github.com/repos/ashpareek/npm-module-creation
0
'123a'
'12366.ui-comp'
'123jamel'
'123app123'
'123qwe'
'123gendiff123456'
https://api.github.com/repos/drytikov/project-lvl2-s129
0
'1255280383'
'123test'
'123testcomp99'
'126'
'12byvoidmodule'
'1289104698fu'
'12class'
'12env'
https://http://api.github.com/repos/kentprimrose/12env
'1257-server'
'127-ssh'
'12factor-log'
https://api.github.com/repos/chilts/12factor-log
3
'12factor-config'
https://api.github.com/repos/chilts/12factor-config
34
'12factor-dotenv'
https://api.github.com/repos/electblake/node-12factor-dotenv
4
'12factorial'
https://api.github.com/repos/bobthemighty/12factorial
0
'12g-dynamic-env-vars'
https://api.github.com/repos/grrr-amsterdam/12g-dynamic-env-vars
0
'12g-cleandotenv'
https://api.github.com/repos/grrr-amsterdam/12g-cleandotenv
0
'12mypak'
'12jun18'
'12gendiff123456'
https://api.github.com/repos/drytikov/project-lvl2-s129
0
'12qwe'
'13-bedrock'
'13'
'13-lion-lib'
'12zodiac'
https://api.github.com/repos/XadillaX/12zodiac
7
'13-moudle'
'130'
'1315'
'1314'
'134513'
'12g-env-template'
https://api.github.com/repos/grrr-amsterdam/12g-env-template
0
'1352q'
'135f271d19b41a0eec5d553541d0dff5'
'13760791696_server'
https://api.github.com/repos/13760791696/HelloGutHub
0
'1337cat'
https://api.github.com/repos/jekrb/1337cat
0
'1337'
https://api.github.com/repos/DiegoRBaquero/node-1337
6
'136'
'1400014704'
'1400014704s'
'140-opts'
https://api.github.com/repos/mklabs/140-opts
2
'1405-authtokens'
'1405-core'
https://api.github.com/repos/prashanthbyrapu/1405-core
0
'14'
'1405-dbaccessinternal'
https://api.github.com/repos/prashanthbyrapu/1405-dbaccessinternal
0
'1405-logging'
'1405-utils'
https://api.github.com/repos/prashanthbyrapu/1405-utils
0
'1405_logging'
'1412sxd'
'14bis'
https://api.github.com/repos/getdumont/14bis
0
'15'
'140tools'
'1501f'
'1506apan'
'1507c'
'1506b'
'12g'
https://api.github.com/repos/grrr-amsterdam/12g
0
'1507g'
'1507h'
'1508aa'
'1508bbw'
'1508bbwzhaoxiaodong'
'15-minute-rule'
https://api.github.com/repos/roblav96/15-minute-rule
0
'1510ajiaozhen'
'1510bwangdawei'
'1510bwangyaliday4'
'1511'
'1512bbb'
'1508-cli'
'1512bnode'
'1517-do-paryza'
'15735801086'
'15avg'
'1500-color-names'
https://api.github.com/repos/deepblue129/1500-color-names
6
'1601a_day4'
'16'
'1601lwujiabao'
'1601njhgafs87duw'
'1601nqueach'
'1602zhoulilib'
'1603wylkz1'
'15v-pm2'
https://api.github.com/repos/Jiang-Xuan/pm2
0
'1604aajaxwzq'
'1604ajax'
'15v-pmx'
https://api.github.com/repos/Jiang-Xuan/pmx
0
'1604formatdata'
'1604hjg'
'1604php'
'1605aba'
'1605azk1lx'
'1605b'
'1605mainbwb'
'1605trybwb'
'1605whb'
'160619'
'1606asdf'
'1606aweek1one'
'1606fajax'
'1606eee'
'1606fajaxs'
'1606rew'
'1607a-haha'
'1607c_360'
'1608firstpage'
'1608secondpage'
'1608qing'
'1608page'
'1609'
'16091'
'160911'
'1609jjjjbbbb'
'1609class'
'1609ck'
'1610i_express'
'1610i_node'
'1610i_node1_sunxue9797'
'1610i_push_sunxue'
'1610i_publish_node_package'
'1610i_node_gaohanwei'
'1610i_zuile'
'1611'
'1611_unit'
'1612_aohaihui'
'1612_test'
'1612test'
'1615-node-1-18lgj'
'1615-node-001'
'1615-node-zms'
'1615-node-2017'
'1615-zhangyuanyuan-node'
'163'
'1636'
https://yieme@api.github.com/repos/yieme/1636
'163-music'
https://api.github.com/repos/song940/163-music
0
'16422'
'1663q'
'163music-api'
https://api.github.com/repos/pboymt/TypeCloudMusic
0
'1664'
'16boke-server'
'16bit'
'17-44'
'17'
https://api.github.com/repos/kt3k/17
0
'1701npmtest'
'1701server1'
https://api.github.com/repos/yueyingjun/server
0
'1703.node'
'16pixels'
https://api.github.com/repos/englishextra/16pixels
22
'1703ccc'
'170319-haha'
'16pxls'
https://api.github.com/repos/prmack/16pxls
0
'1704c'
'1705b'
'170614'
'1706b'
'170802-yph'
'1706node'
'1709aaa'
'1709a_bao'
'1711node'
'1720-cc'
'1703eachserver'
'1711a_node_pac'
'1720-fabonacci.js'
'1720-renjiajia'
'1720-work'
'17201127-lingyao'
'1720_li_hw'
'1720demo'
'1720yuchen'
'1722-wyg'
'1731'
'1715-guo'
'1720'
'17biu'
'17czlc'
'1771278'
https://api.github.com/repos/analytalica/1771278
0
'17mon'
https://api.github.com/repos/17mon/nodejs
27
'17t'
'17win-ui'
'18'
'17monip'
https://api.github.com/repos/abiuDoIT/17monip
2
'1802a'
'1803ag'
'1803agg'
'178518demo'
'17yin'
https://api.github.com/repos/xuyannan/17yin_api
0
'1803g'
'1803gg'
'1803a'
'1811npm'
'180lab'
https://api.github.com/repos/urlzengbin/JavaScript-library
0
'1819-3-2'
'18600632675'
'18f-contrib-web-design-standards'
https://api.github.com/repos/openbrian/18f-contrib-web-design-standards
3
'18n'
https://api.github.com/repos/LitoMore/18n
1
'19'
https://api.github.com/repos/kt3k/19
0
'19.04.2016test'
'19.static'
'1985'
'1989'
'1993ss'
'1_createserver'
'19cah'
https://api.github.com/repos/19cah/19cah
0
'18f-pages-server'
https://api.github.com/repos/18f/pages-server
11
'1_modules'
'1997server'
'1_modules_test'
'1and1'
'1api'
'167'
https://api.github.com/repos/TylorS167/167
19
'1backend-nodejs-example-service'
https://api.github.com/repos/1backend/nodejs-example-service
0
'1backend-typescript-example-service'
https://api.github.com/repos/1backend/typescript-example-service
0
'1ba2d7b199994c1bad0767d0f4cbdcca'
'1batch'
https://api.github.com/repos/mapmeld/1batch
20
'1bit'
https://api.github.com/repos/dictions/1bit
0
'1bit-chart-bars'
https://api.github.com/repos/dogestats/1bit-chart-bars
0
'1broker'
https://api.github.com/repos/boxxa/1broker-api
0
'1_lesson_hexlet_js_paladin'
https://api.github.com/repos/13paladin/project-lvl1-s132
0
'1broker-positions-analyser'
https://api.github.com/repos/mastilver/1broker-positions-analyser
2
'1c-polyfill'
'1c-react-util'
https://api.github.com/repos/npm/deprecate-holder
12
'1c-slides-data-interface'
'1c-slides-learning-interface'
'1campus_nodedsa'
https://api.github.com/repos/yaqxyaqx/1Campus_nodeDSA
0
'1d'
https://api.github.com/repos/terkelg/1d
10
'1broker-client'
https://api.github.com/repos/flyingunicorn222/1broker-client
17
'1click-api'
'1css'
'1d-range-query'
https://api.github.com/repos/SummerWish/1d-range-query
0
'1dr-class-toggle'
'1dr-twig-templating'
https://api.github.com/repos/onedarnleyroad/twig-templating
0
'1dr-media-queries'
'1dr-build-utilities'
https://api.github.com/repos/onedarnleyroad/build-utilities
0
'1forge'
'1dr-utils'
https://api.github.com/repos/onedarnleyroad/jsutils
0
'1dv600-jwatcher'
'1gendiff123456'
https://api.github.com/repos/drytikov/project-lvl2-s129
0
'1grids'
https://api.github.com/repos/AliMD/1Grids
8
'1helper'
https://api.github.com/repos/AliMD/1Helper
4
'1haomei-cli'
'1hemant'
'1c-std'
'1iop-meta'
'1kb-anchor-scroll'
'1m1k'
https://api.github.com/repos/rektide/1m1k
0
'1modality234'
'1ms'
'1mb'
https://api.github.com/repos/dr-js/1mb
2
'1npm'
'1k'
'1game-texas-holdem'
https://api.github.com/repos/hausenism/1game-texas-holdem
1
'1odash'
'1nstall'
https://api.github.com/repos/laggingreflex/1nstall
0
'1password-cli'
'1pass'
'1password-js'
https://api.github.com/repos/jo-sm/1password.js
0
'1password-manager'
https://api.github.com/repos/ManRueda/1password-manager
1
'1n1t'
https://api.github.com/repos/cagataycali/1n1t
0
'1password'
https://api.github.com/repos/stayradiated/onepasswordjs
20
'1password2pass'
https://api.github.com/repos/phoenixlzx/1password2pass
13
'1pif-to-keepass'
https://api.github.com/repos/mikedamage/1pif-to-keepass
3
'1pif-to-csv'
https://api.github.com/repos/joeybaker/1pif-to-csv
3
'1pm'
'1pm.js'
'1pwd'
https://api.github.com/repos/deepsweet/1pwd
3
'1px'
https://api.github.com/repos/kumatch/1px
9
'1rm'
https://api.github.com/repos/bendrucker/1rm.js
1
'1reset'
https://api.github.com/repos/AliMD/1Reset
8
'1sc-api'
https://api.github.com/repos/ajaxmonk/1SC-API
0
'1shangchuanbaoxiazaibao'
'1st-hello-world'
'1st_test_yamineo'
'1signal'
'1stand15th'
https://api.github.com/repos/kevnz/1stand15th
3
'1stsink'
'1t'
https://api.github.com/repos/thlorenz/1t
7
'1to2'
https://api.github.com/repos/nodejs/nan
2386
'1password-node'
'1st'
https://api.github.com/repos/Nistler/project-lvl1-s132
0
'1tp-registrar'
https://api.github.com/repos/microminion/1tp-registrar
2
'1tr1al'
'1up'
'1tree-factory'
https://api.github.com/repos/mojule/1tree-factory
0
'1tree'
https://api.github.com/repos/mojule/1tree
2
'1vk'
https://api.github.com/repos/ZigGreen/1VK
4
'1walterh_test1'
'2----'
'1tree-schema'
https://api.github.com/repos/mojule/1tree-schema
0
'1tree-json'
https://api.github.com/repos/mojule/1tree-json
0
'2-mocha'
'2-fa-navbar'
'2-npm'
'2-nodejs'
'2-package_x_liu'
'2.12mk5'
'1c'
https://api.github.com/repos/wizawu/1c
54
'2-ways-binding-example'
https://api.github.com/repos/gaearon/redux
45535
'2.2.2'
'2.4.2'
'2.js'
'2.9.1-genesis-bugs-rc1'
https://api.github.com/repos/npm/security-holder
49
'2.node'
'2-sat'
https://api.github.com/repos/mikolalysenko/2-sat
7
'2-'
'2015'
'20'
'20-20-20-timer'
https://api.github.com/repos/ZooeyMiller/20-20-20-timer
9
'2014'
'200'
'2'
https://api.github.com/repos/lamansky/2
0
'20151203'
'201508ajax'
https://api.github.com/repos/zhufengnodejs/201508ajax
1
'201509nodestart'
https://api.github.com/repos/zhufengnodejs/201509nodestart
2
'2015-cse218-group5-algorithm'
https://api.github.com/repos/MaxUbi/algorithm-js
0
'2016'
'2016.11.11gulp'
'2016-6-6'
'201601betesy_test'
https://api.github.com/repos/betesy/201601betesy_test
0
'1ywjsbridge'
'201601node111'
'201601node'
https://api.github.com/repos/zhufengnodejs/201601node
14
'201601node1111'
https://api.github.com/repos/yanyutao/nodestudy
0
'201601nodeme'
'20160301_nodejs'
'201602node'
https://api.github.com/repos/zhufengnodejs/201602node
1
'20160301node'
'20160301hwh'
'201604'
'20160619'
'20160922'
'20160922-yuyong'
'20161111'
'201609git'
https://api.github.com/repos/y2liu/git-test
0
'20161120test'
'20161111js'
'20161111gulp'
'2016farmerscd'
'2016node'
'2016nodezs'
'2016node1'
'2017'
'2017-05-10'
'2017-10-16-yx-1-11'
'2017-10-28-rn'
'2017-11-27-11'
'2017-11-27-13-44'
'2017-11-27-hello'
'2017-11-27-ls-123'
'2017-11-27-ls-14-20min'
'2017-11-27-qianfeng-szx'
'2017-11-28-ls-09-40'
'2017-12-06'
'2017-12-06aa'
'2017-12-26-lihang-study'
'2017-123'
'2017-1535'
'2017-6-13'
'2017-6-6'
https://http://api.github.com/repos/night9
'2017-6-9node_express'
'2017-7-18'
'2017-8-28'
'2017-yx-10-16-257516997'
'2017.1.18-nodejs-zhanghaiquan'
'2017.10.1testpackage'
'2017.10.2_liuhao'
'2017.11.16'
'2017.11.27.welcom'
'2017.1127-morning-anhao'
'20170104nodemy'
'20170226four'
'1tp'
https://api.github.com/repos/microminion/1tp
7
'20170319'
'201705016'
https://api.github.com/repos/cheng52100/lovely
0
'201706821'
'20170718'
'20170718-001'
'20170718-bao'
'20170918-feifei'
'20170918abc'
'20170918zhh'
'20170921hao'
'20171019'
'20171019-test'
'2017109liuhaotest'
'20171127'
'20171127-ck'
'20171127-czy'
'20171127-dell.leelijuan'
'20171127-hello'
'20171127-index'
'20171127-joice'
'20171127-lhh'
'20171127-lhh-npm-2'
'20171127-lhh-npm-3'
'20171127-li'
'20171127-npm-text-14'
'20171127-qianfeng-ada'
'20171127-qianfeng-dell'
'20171127-mmqxz'
'20171127-qianfeng-heguiheng'
'20171127-qianfeng-jiangfan'
'20171127-test-demo'
'20171127-studynode-qi.chen'
'20171127goodlcw1'
'20171127hx-qf'
'20171127qianfeng_114'
'20171127wode'
'20171128-dell-liu'
'20171129-dell-qin'
'20171206node'
'201771818'
'2017hhq'
'2017_node'
'2018'
'20171229test'
'2018-7-245-1804'
'2018-7-25-01805'
'2018-7-25-1804'
'2018-7-25-1805'
'2018.6.6hoot'
'2018.6.9zice'
'2018-7-24-chris'
'201818test'
'2018zsss'
'201819test'
'2019'
'2020'
'2048.io'
'2048.js'
'2070720'
'206sxwwork'
'206liuyang'
'20lines-chatroom'
'211-liu'
'20yearrewards'
'2112'
https://api.github.com/repos/ostera/2112
0
'2112comp-ex'
'20k-demo-road'
https://api.github.com/repos/20kbudget/road
0
'2048'
'21222'
'212'
https://api.github.com/repos/bendrucker/212
0
'216bilisim-sms'
'21828e4e'
'21q'
'21st-angular'
https://api.github.com/repos/npm/security-holder
49
'22'
'22.static'
'2208start'
'222'
'2222'
'2233'
'22222'
'228322'
'22lixian'
'221-prismic'
https://api.github.com/repos/Studio221/221-Prismic
2
'221-vue-mc'
https://api.github.com/repos/Studio221/221-Vue-Mc
2
'22u-validators'
'23'
'23-and-me'
https://api.github.com/repos/stevenmiller888/23andme
7
'23.static'
'2301wjb'
'233'
'2345'
'22ndtech-lib'
'23andme'
https://api.github.com/repos/lukehorvat/23andme
0
'23g-base'
'23g-base-css'
'22ndtech-common-lib'
'23andme-node'
https://api.github.com/repos/crzrcn/23andme-node
9
'23mofang-qrconde-scan-style'
https://MarnoDev@api.github.com/repos/MarnoDev/AC-QRCode-RN
'23mofang-react-native-autoheight-webview'
https://api.github.com/repos/npm/deprecate-holder
12
'23andme-snps'
https://api.github.com/repos/vporta/23andMe-SNPs
0
'23mofang-react-native-datepicker'
https://api.github.com/repos/xgfe/react-native-datepicker
1407
'23mofang-react-native-camera'
https://api.github.com/repos/lwansbrough/react-native-camera
6400
'23mofang-react-native-picker'
https://api.github.com/repos/MonkeyKingPlus/react-native-picker
19
'23mofang-react-native-permissions'
https://api.github.com/repos/joshblour/react-native-permissions
1189
'23mofang-react-native-root-siblings'
https://api.github.com/repos/23mf/react-native-root-siblings
0
'23mofang-react-native-root-toast'
https://api.github.com/repos/magicismight/react-native-root-toast
1005
'23mofang-react-native-webview-bridge'
https://api.github.com/repos/alinz/react-native-webview-bridge
1131
'23mofang-weixin-js-sdk'
'23query'
https://api.github.com/repos/Maciek416/23query
2
'24'
'24_hrs_js'
'23mofang-rn-wheel-picker-china-region'
https://api.github.com/repos/mqy1023/rn-wheel-picker-china-region
49
'24-audio'
https://api.github.com/repos/th720309/24-audio
1
'24point'
https://api.github.com/repos/HelloCodeMing/24point
0
'2508test-npm-publish'
'24game-solver'
https://api.github.com/repos/frank-deng/24game-solver
1
'24hto12hformat'
https://api.github.com/repos/filipdanic/24h-to-12h-format
0
'24pay'
https://api.github.com/repos/ondrek/24pay
0
'253ui'
'255kb-meteor-status-client-side'
https://api.github.com/repos/LVBK/255kb-meteor-status-client-side
0
'256colors'
https://api.github.com/repos/bcomnes/256colors
4
'27bslash6-module'
https://api.github.com/repos/frnksgr/27bslash6-module
2
'27mhz'
https://api.github.com/repos/watson/27mhz
5
'27ua-backendtree-webpack-plugin-brezitsky'
https://api.github.com/repos/Kolymb-Kapustin/27ua-backendtree-webpack-plugin-brezitsky
0
'25th-style'
https://api.github.com/repos/25th-floor/javascript
0
'22ndtech-angular-lib'
'28.io-angularjs'
https://api.github.com/repos/28msec/28.io-angularjs
3
'2809priya'
'29656901222'
'288girl288'
'2972.ir'
https://api.github.com/repos/mahdavipanah/2972.ir
1
'2b'
'2bosstest'
'2b-logger'
https://api.github.com/repos/2bernes/js-logger
0
'2belt'
'2captcha-api'
https://api.github.com/repos/bochkarev-artem/2captcha
0
'2captchajs'
'2app'
https://api.github.com/repos/haochuan/2app
0
'2cca'
https://api.github.com/repos/randunel/2cca
0
'2captcha'
https://api.github.com/repos/Sander-Kastelein/2captcha
5
'2ch-id-generator'
'28.io-nodejs'
https://api.github.com/repos/28msec/28.io-nodejs
6
'2ch'
https://api.github.com/repos/shiwano/2ch
9
'2ch-trip'
'2chapi'
'2chimages'
'2checkout-node'
https://http://api.github.com/repos/craigchristenson/2checkout-node
'2chhk-to-telegram-images-bot'
'2ch-fetcher'
'2commonjs'
'2conf'
https://api.github.com/repos/ivanoff/2conf
2
'2co-client'
https://api.github.com/repos/errorception/2co-client
4
'2co'
https://api.github.com/repos/biggora/2co
19
'2cs'
'2d'
'2cs-basecode'
'2cs-canvas2image'
https://api.github.com/repos/buixuanhai/canvas2image
0
'2csv'
https://api.github.com/repos/csvplot/2csv
4
'2d-bezier'
https://api.github.com/repos/Feirell/2d-bezier
0
'2d-array'
https://api.github.com/repos/domharrington/2d-array
1
'2ch-parser'
'2d-bounds'
https://api.github.com/repos/tmpvar/2d-bounds
0
'2d-bicubic-interpolate'
https://api.github.com/repos/jablpiotrek/2d-bicubic-interpolate
2
'2d-board'
https://api.github.com/repos/quasimik/2d-board
0
'2d-css-matrix-parse'
https://api.github.com/repos/iranreyes/2d-css-matrix-parse
1
'2d-density'
https://api.github.com/repos/nilestanner/2d-density
0
'2d-context'
https://api.github.com/repos/mattdesl/2d-context
5
'2d-engine'
https://api.github.com/repos/brandonheyer/2d-engine
0
'2create-task-runner-package'
https://api.github.com/repos/2createStudio/task-runner-package
1
'2d-mat'
https://api.github.com/repos/vikramcse/2d-mat
0
'2d-polygon-area'
https://api.github.com/repos/tmpvar/2d-polygon-area
2
'2d-polygon-contains-polygon'
https://api.github.com/repos/tmpvar/2d-polygon-contains-polygon
2
'2d-polygon-boolean'
https://api.github.com/repos/tmpvar/polygon.clip.js
66
'2d-point'
https://api.github.com/repos/CrowdHailer/point
0
'2d-quadtree'
'2d-spirograph'
'2d-quadtree-js'
'2d-gl'
'2d-scripts'
'2d-polygon-self-intersections'
https://api.github.com/repos/tmpvar/2d-polygon-self-intersections
8
'2day'
'2d-transformation-solver'
https://api.github.com/repos/martiL/2d-transformation-solver
0
'2dfb09idb3'
'2d-vector-functions'
'2dfire'
'2dgeometry'
https://http://api.github.com/repos/Z3TA/2dgeometry
'28'
https://api.github.com/repos/28msec/28
10
'2dmap'
'2dg'
https://api.github.com/repos/tjjh89017/2dg
4
'2do'
https://api.github.com/repos/j0nas/2do
0
'2djs'
https://api.github.com/repos/kenju/2djs
0
'2dollars'
https://api.github.com/repos/isuvorov/2dollars
0
'2dpixels-terminal'
'2dpixels-canvas'
https://api.github.com/repos/livejs/pixels-canvas
1
'2fa-server'
https://api.github.com/repos/soldair/2fa-server
0
'2fa'
https://api.github.com/repos/simontabor/2fa
96
'2e'
'2fa-cli'
https://api.github.com/repos/skydiver/2fa-cli
0
'2ex'
https://api.github.com/repos/wesleytodd/2ex
0
'2factor-auth'
'2factor-cli'
'2do-cli'
https://api.github.com/repos/hosein2398/2do-cli
4
'2factor'
https://api.github.com/repos/hanut/2factor-node
2
'2fae'
https://api.github.com/repos/josescgar/2fae
0
'2gen_modules'
'2gendiff'
https://api.github.com/repos/drytikov/project-lvl2-s129
0
'2gether'
https://api.github.com/repos/ari7/2gether
0
'2gendiff123456'
https://api.github.com/repos/drytikov/project-lvl2-s129
0
'2gis'
'2d-gaming'
https://api.github.com/repos/CWestBlue/2d-gaming
0
'2gis-map-basic-light'
'2gis-api'
'2gis-project-loader'
https://api.github.com/repos/wenqer/2gis-project-loader
0
'2gis-maps-react'
https://api.github.com/repos/2gis/2gis-maps-react
19
'2gis-maps-react-patched'
https://api.github.com/repos/alekspetrov/2gis-maps-react
1
'2dfire-cli'
'2grok'
https://api.github.com/repos/2grok/2grok
0
'2go'
https://api.github.com/repos/bobbwhy/2go
0
'2ip'
'2jiyeon_npm'
'2json'
https://api.github.com/repos/GeneralUnRest/json2
2
'2gis-maps'
https://api.github.com/repos/2gis/mapsapi
140
'2klic-api-engine'
https://api.github.com/repos/npm/security-holder
49
'2kenizer'
'2klic-hapi-bunyan'
'2klic-sdk'
'2ldcheck'
https://api.github.com/repos/Sandyman/2ldcheck
1
'2lab'
'2m'
https://api.github.com/repos/phodal/2m
23
'2mao_fristbao'
'2log'
https://api.github.com/repos/ivanoff/2log
4
'2mqtt-conneciton'
'2klic_io-sdk'
'2key-ratchet'
https://api.github.com/repos/PeculiarVentures/2key-ratchet
27
'2mundos-angular-cropperjs'
https://api.github.com/repos/matheusdavidson/angular-cropperjs
31
'2max-express-authenticate'
'2gl'
https://api.github.com/repos/2gis/2gl
15
'2o3t-eslint-config'
https://api.github.com/repos/npm/security-holder
49
'2lemetry'
'2of5-interleaved-encoder'
https://api.github.com/repos/barcode-framework/2of5-interleaved-encoder
0
'2mundos-fengyuanchen-cropperjs'
https://api.github.com/repos/fengyuanchen/cropperjs
4586
'2office-sms'
https://api.github.com/repos/sabakugaara/2office-sms
0
'2mundos-cropperjs'
https://api.github.com/repos/tpeixoto/2mundos-cropperjs
0
'2pi-calc'
https://api.github.com/repos/IIPI/2pi-calc
0
'2pi-player'
https://api.github.com/repos/IIPI/2pi-player
0
'2o3t-utility'
https://api.github.com/repos/2o3t/2o3t-Utility
0
'2pi-paging'
https://api.github.com/repos/IIPI/2pi-paging
0
'2pi-scale'
https://api.github.com/repos/IIPI/2pi-scale
0
'2pi-vector'
https://api.github.com/repos/IIPI/2pi-vector
0
'2pack'
https://api.github.com/repos/Daeren/2pack
0
'2pid'
https://api.github.com/repos/ivanoff/2pid
3
'2o3t-logger'
https://api.github.com/repos/2o3t/2o3t-Logger
0
'2pl'
'2publish'
'2pv-flatpickr'
https://api.github.com/repos/chmln/flatpickr
10935
'2r-image'
'2r-button'
'2rc-framework'
'2stringy4me'
https://api.github.com/repos/iwotastic/2stringy4me
0
'2spooky4me'
https://api.github.com/repos/peabnuts123/2spooky4me
1
'2s'
'2sucres-api'
'2rem'
https://api.github.com/repos/lore-w/2rem
1
'2test'
'2r-stepper'
'2tikz'
'2pv-vue-bulma-datepicker'
https://api.github.com/repos/vue-bulma/datepicker
109
'2sweet'
https://api.github.com/repos/L1lith/2SWeet
0
'2utf8'
https://api.github.com/repos/warlock/2utf8
1
'2wire'
https://api.github.com/repos/xThunderbolt/2wire
0
'2work'
'2vdom'
https://api.github.com/repos/xkxx/2vdom
0
'3-'
'3-3somepack'
'2way-router'
https://api.github.com/repos/nyakto/2way-router
5
'3----'
'3'
https://api.github.com/repos/lamansky/3
0
'3-test'
'2yy-vue-accordion'
https://api.github.com/repos/2YY/vue-accordion
1
'3-19'
'2valid'
https://api.github.com/repos/ivanoff/2valid
4
'3.11a'
'3.8common'
'3.expressapp'
'3-way-diff'
https://api.github.com/repos/wennermedia/3-way-diff
0
'3.js'
'3.9common'
'3.npm'
'2webpack2'
https://api.github.com/repos/QingWei-Li/2webpack2
6
'3.9package'
'3-way-merge'
https://api.github.com/repos/falsecz/3-way-merge
12
'3.0.0'
'300'
'3000'
'300nm'
'302'
'3000-words-list'
https://api.github.com/repos/capheshift/3000-words-list
1
'30678'
'301'
https://api.github.com/repos/markhuge/301-node
3
'317-project'
'3048m'
https://api.github.com/repos/dominykas/3048m
1
'317hu-cli'
'32itcastmodule'
'327-tdd'
'32hjgjgjhjhj'
'32module666'
'31i73-class'
'33'
'33-get-dom-element-absolute-position'
https://api.github.com/repos/MrCheater/33-get-dom-element-absolute-position
0
'3323'
'333dkfdkfkd'
'33-multi-async-task-queue'
'30-seconds-of-code'
https://api.github.com/repos/30-seconds/30-seconds-of-code
33557
'333npm'
'33nodejs'
'34'
https://api.github.com/repos/hugs/34
1
'34322fsdf4sddddaq1'
'3416133461163_pack'
'343'
'3416133461164-ng2_pack'
'34c3'
https://api.github.com/repos/watson/34c3
14
'33c3'
https://api.github.com/repos/watson/33c3
3
'352-phantom'
https://api.github.com/repos/sgentle/phantomjs-node
3379
'352-rc-collapse'
https://api.github.com/repos/bmitchell352/collapse
0
'352-uber'
'359891043'
'36'
'360'
'352-fabric'
https://api.github.com/repos/kangax/fabric.js
11449
'360-image-viewer'
https://api.github.com/repos/Jam3/360-image-viewer
104
'360grab'
https://api.github.com/repos/jhq0113/catchData
0
'352-wascally'
https://api.github.com/repos/dvideby0/wascally
0
'360safe'
'360se'
'360proxy'
https://api.github.com/repos/leifeng/collectProxy
0
'365'
'369-li-chong'
'360viewer'
https://api.github.com/repos/thiagopnts/360viewer
234
'369-lth-util'
'369'
https://api.github.com/repos/jlobos/369
2
'369-util'
'369-utio'
'369-shihongbin'
'369util'
'360class.jansenhm'
'37-pieces-of-flair'
https://api.github.com/repos/artemave/37-pieces-of-flair
6
'360-products'
https://api.github.com/repos/npm/security-holder
49
'378175033'
'370'
'34rth-javascript-core-oo'
https://api.github.com/repos/34rth/34rth-javascript-core-oo
1
'37box'
'37'
'360-webrtc'
'37FIS'
'38.publishingapackage'
'360-react-pannellum'
'38285152711b'
'38069d17dde805e18461b88b3e661aba'
'39f-callbacks'
https://api.github.com/repos/39-framework/39f-callbacks
1
'39ae-blog'
https://api.github.com/repos/39-asocial-engine/39ae-blog
0
'39ae-core'
https://api.github.com/repos/39-asocial-engine/39ae-core
0
'3DViewerComponent'
'39f-socket.io-auth-local'
https://api.github.com/repos/39-framework/39f-socket.io-auth-local
0
'39f-socket.io'
https://api.github.com/repos/39-framework/39f-socket.io
4
'37sy-build'
https://api.github.com/repos/ICMI/37sy-build
0
'39f-socket.io-auth-sm-redis'
https://api.github.com/repos/39-framework/39f-socket.io-auth-sm-redis
2
'39f-socket.io-auth'
https://api.github.com/repos/39-framework/39f-socket.io-auth
1
'39f-meta'
https://api.github.com/repos/39-framework/39f-meta
0
'3a-common'
'3alam-publish-example'
'3alampro-publish-example'
'3am'
'3alampro-publish-npm-example'
'3abn'
https://api.github.com/repos/IonicaBizau/3abn
4
'3a-server'
'3asy.db'
https://api.github.com/repos/PixelTheGreat/easy.db
0
'3color'
'3camodule'
'3common'
'3box-activity'
https://api.github.com/repos/uport-project/3box-activity
3
'3d'
'3c'
https://api.github.com/repos/baidao/npm-varify-interfaces
3
'3d-adjacency'
'3cplusv2-sdk-js'
'3d-camera-core'
https://api.github.com/repos/mikolalysenko/3d-camera-core
11
'3d-bullet-raub'
https://api.github.com/repos/node-3d/3d-bullet-raub
0
'3d-extensions'
'3d-fish-editor'
'3d-bin-packing'
https://api.github.com/repos/betterwaysystems/packer
46
'3d-box'
https://api.github.com/repos/warpcgd/vue-concise-slider
611
'3d-core-raub'
https://api.github.com/repos/node-3d/3d-core-raub
5
'3d-flip-book'
https://api.github.com/repos/iberezansky/flip-book-jquery
39
'3box'
https://api.github.com/repos/uport-project/3box-js
43
'3architecture'
'3d-io'
https://api.github.com/repos/archilogic-com/3dio-js
183
'3d-preview'
'3d-print-price-calculator'
https://api.github.com/repos/coding-in-the-wild/3d-print-price-calculator
8
'3d-print-letterpress'
'3d-qml-raub'
https://api.github.com/repos/node-3d/3d-qml-raub
0
'3d-react-carousal'
https://api.github.com/repos/suhailsulu/react-carousel-3d
17
'3d-stack'
'3d-kit'
https://api.github.com/repos/cronvel/3d-kit
0
'3d-transform-vue'
https://api.github.com/repos/githubziven/3d-transform-vue
0
'3d-tiles-tools'
https://api.github.com/repos/AnalyticalGraphicsInc/3d-tiles-tools
101
'3d-view'
https://api.github.com/repos/mikolalysenko/3d-view
7
'3d-viewer'
'3d-web-engine-es6'
https://api.github.com/repos/aexol/3d-web-engine-es6
0
'3d-webaudio-raub'
https://api.github.com/repos/node-3d/3d-webaudio-raub
0
'3d-view-controls'
https://api.github.com/repos/mikolalysenko/3d-view-controls
19
'3dBinPack'
https://api.github.com/repos/comster/3dBinPack
1
'3dcarousel'
https://api.github.com/repos/webSoldire/3dcalrousel
1
'3dcss'
https://api.github.com/repos/meodai/3dcss
7
'3dage'
https://api.github.com/repos/naugtur/3dage
1
'3d-word-cloud'
https://api.github.com/repos/Maximoo/jquery-svg3dtagcloud-plugin
0
'3dgrid'
'3dhubs-node'
https://api.github.com/repos/3DHubs/3dhubs-node
1
'3dguysplayer'
https://api.github.com/repos/electron/electron-quick-start
4878
'3d_player'
https://api.github.com/repos/3dsig/3d_player
0
'3dink'
https://api.github.com/repos/takashift/3Dink.js
0
'3dimageview'
https://api.github.com/repos/zz632893783/3dImageView
0
'3dify'
https://api.github.com/repos/mpopv/3dify
0
'3dgraph'
'3d-force-graph-vr'
https://api.github.com/repos/vasturiano/3d-force-graph-vr
33
'3dio-js'
https://api.github.com/repos/archilogic-com/3dio-js
183
'3dk'
'3dm'
'3dio-inspector-plugins'
https://api.github.com/repos/archilogic-com/3dio-inspector-plugins
12
'3drotate'
'3ds'
https://api.github.com/repos/3dsNode/3dsNode
3
'3drudder-js'
https://api.github.com/repos/3DRudder/3dRudder-js
0
'3ds-smdh'
'3dmol'
https://api.github.com/repos/dkoes/3Dmol.js
291
'3dsub'
https://api.github.com/repos/ChrisRM/node-3dsub
3
'3dtoolkit-server-store'
'3dstojs'
https://api.github.com/repos/chrispalazzolo/3dstojs
6
'3ds-theme-parser'
'3dtutorial'
https://api.github.com/repos/orzjs/3DTutorial
0
'3dtoolkit-signal'
'3e04129467d4f670'
'3e8-ajaxhelpers'
'3e8-body-parsers'
'3duf'
https://api.github.com/repos/CIDARLAB/3DuF
15
'3e8-dbhandler'
'3dwayfinder'
'3five-shopify-theme'
'3f'
https://api.github.com/repos/velmyk/3f
0
'3dworld'
'3gendiff'
https://api.github.com/repos/drytikov/project-lvl2-s129
0
'3f335bcfd286030b4771414e30b0582c84dc12000efa5ad019765ec55339860d'
https://api.github.com/repos/jaredbrookswhite/react-map-gl
0
'3fn'
https://api.github.com/repos/lamansky/3fn
0
'3dub'
https://api.github.com/repos/MiguelCastillo/3dub
28
'3forpage'
https://api.github.com/repos/venits/3ForPage
1
'3gtel-frontend-platform'
'3h-join'
https://api.github.com/repos/huang2002/3h-join
1
'3h-daemon'
https://api.github.com/repos/huang2002/3h-daemon
1
'3h-log'
https://api.github.com/repos/huang2002/3h-log
1
'3h-refactor'
https://api.github.com/repos/huang2002/3h-refactor
1
'3h-cli'
https://api.github.com/repos/huang2002/3h-cli
1
'3h-random'
https://api.github.com/repos/huang2002/3h-random
1
'3h-sever'
https://api.github.com/repos/huang2002/3h-sever
1
'3js'
'3h-server'
https://api.github.com/repos/huang2002/3h-server
1
'3h-router'
https://api.github.com/repos/huang2002/3h-router
1
'3kenizer'
'3kengine'
https://api.github.com/repos/simon300000/3KEngine
2
'3h-time'
https://api.github.com/repos/huang2002/3h-time
1
'3kencoder'
https://api.github.com/repos/simon300000/3KEncoder
0
'3d-force-graph'
https://api.github.com/repos/vasturiano/3d-force-graph
316
'3loc'
https://api.github.com/repos/worldline/3loc
0
'3h-version'
https://api.github.com/repos/huang2002/3h-version
2
'3m5-banner-engine'
https://api.github.com/repos/3m5/banner-engine
0
'3m'
https://api.github.com/repos/quentinneyraud/3m
0
'3nit-components'
'3net.js'
'3npm_supermodule'
'3pc'
https://api.github.com/repos/macbre/3pc
3
'3p'
https://api.github.com/repos/mikolalysenko/3p
20
'3po'
'3q'
'3point'
'3pl-central'
https://api.github.com/repos/smart-io/3pl-central
4
'3rddaytraining'
'3rr'
'3s'
https://api.github.com/repos/keybase/3s
2
'3rd-party-cpu-abuser'
https://api.github.com/repos/jpvincent/3rd-party-cpu-abuser
26
'3scale-lambda'
'3scale-cm'
https://api.github.com/repos/3scale/3scale_ws_api_for_nodejs
23
'3scale-loader'
https://api.github.com/repos/nmasse-itix/3scale-loader
1
'3dio'
https://api.github.com/repos/archilogic-com/3dio-js
183
'3nit-utils'
https://api.github.com/repos/trinit/3nit-utils
0
'3scale'
https://api.github.com/repos/3scale/3scale_ws_api_for_nodejs
23
'3scale-senico'
https://api.github.com/repos/3scale/3scale_ws_api_for_nodejs
23
'3scale_senico'
https://api.github.com/repos/3scale/3scale_ws_api_for_nodejs
23
'3testpublicationnodejs'
https://api.github.com/repos/jlgithubrep/testPublicationNodeJs
0
'3vbyq06j1lssbvjrabcl5i1edem06ois'
https://api.github.com/repos/npm/security-holder
49
'3vent'
'3thisistest'
'3vot-clay'
https://api.github.com/repos/3vot/clay
3
'3taps'
'3vl'
https://api.github.com/repos/tilk/js_3vl
0
'3vot'
'3m5-coco'
https://api.github.com/repos/3m5/coco
3
'3tk'
https://api.github.com/repos/kennethjiang/3tk
0
'3vot-cors'
'3vot-db'
'3vot-js-salesforce'
'3vot-spine-salesforce'
'3w'
https://api.github.com/repos/mehranhatami/3w
1
'3x1st'
https://api.github.com/repos/cagataycali/3x1st
0
'3vot-salesforce-proxy'
https://api.github.com/repos/3vot/3vot-salesforce-proxy
5
'3vot-model'
'3x3c'
https://api.github.com/repos/cagataycali/3x3c
0
'3x3-equation-solver'
https://api.github.com/repos/IonicaBizau/3x3-equation-solver
0
'3y2y'
https://api.github.com/repos/3y2y/hexo-hey
0
'4-'
'4-19'
'4.12ji'
'4-mmc'
'4.12pubu'
'4.13smy'
'4'
'4.16index'
'4.16thong'
'4.5'
https://api.github.com/repos/TylorS/4.5
16
'4.js'
'4.npm'
'3vot-cloud'
'4.pack'
'4.packk'
'40'
'400'
'402'
https://api.github.com/repos/melvincarvalho/402
1
'4000'
'404'
https://api.github.com/repos/jonahss/404
0
'404-t-rex'
'404akhan'
'408'
'404-pagelet'
https://api.github.com/repos/bigpipe/404-pagelet
0
'409_test_demo_1'
'40banners'
'40dezile'
'40xda'
https://api.github.com/repos/as0n/40x-da
0
'414to750'
https://api.github.com/repos/ahbool/414to750
0
'404project'
https://api.github.com/repos/jolira/node-404project
3
'417-js-customs'
'42'
'40dev-tools'
'40banner'
'42-cent-beanstream'
https://api.github.com/repos/continuous-software/node-beanstream
1
'42-cent-braintree'
https://api.github.com/repos/continuous-software/42-cent-braintree
1
'42-cent-mock'
https://api.github.com/repos/continuous-software/42-cent-mock
1
'42-cent-authorizenet'
'42-cent-model'
https://api.github.com/repos/continuous-software/42-cent-model
1
'42-cent-nmi'
https://api.github.com/repos/continuous-software/42-cent-nmi
2
'42-cent-paypal'
https://api.github.com/repos/continuous-software/42-cent-paypal
2
'42-cent-base'
https://api.github.com/repos/continuous-software/42-cent-base
4
'42-cent'
https://api.github.com/repos/continuous-software/42-cent
32
'42-cent-moneris'
'42-cent-omise'
https://api.github.com/repos/continuous-software/42-cent-osmise
4
'42-cent-util'
https://api.github.com/repos/continuous-software/42-cent-util
0
'42-cent-rocketgate'
'42-cent-stripe'
https://api.github.com/repos/continuous-software/42-cent-stripe
1
'420'
'42-cent-worldpay'
https://api.github.com/repos/continuous-software/42-cent-worldpay
1
'42-cli'
'42am-team'
'421752593pro'
https://api.github.com/repos/npm/npm
17074
'42-cent-virtualmerchant'
'42-cent-payflow'
'42norminette'
https://api.github.com/repos/Orenkay/node-42norminette
0
'42api'
https://api.github.com/repos/kube/42api
1
'42scalizer'
'430155697'
https://api.github.com/repos/npm/security-holder
49
'44.npm'
'43'
https://api.github.com/repos/chrstphrknwtn/43
3
'433mhz'
https://api.github.com/repos/Capevace/433MHz
2
'444'
'4444'
'4399'
'44'
'42weather'
'42matters'
https://api.github.com/repos/talmago/node-42matters
1
'4525623'
'461255824'
'452937-testing-npm13424'
https://api.github.com/repos/npm/deprecate-holder
12
'3vot-cli'
'46c-sector'
https://api.github.com/repos/trygve-lie/46c-sector
0
'48'
'495714201_1'
'4a0d-11e6'
'45'
https://api.github.com/repos/TylorS/45
28
'4b9f83e1257a95912768124924dfb143'
'47pages-keystone'
https://api.github.com/repos/47pages/keystone
1
'4b82'
https://api.github.com/repos/anbreezee/4b82
1
'4c5ebb93e78c7bd3c33515034179e9ca'
'4by3'
https://api.github.com/repos/YuriBrunetto/4by3
1
'4chan-downloader'
'4chan-boards'
https://api.github.com/repos/ScottyFillups/4chan-boards
0
'4chan'
https://api.github.com/repos/ypocat/4chan
37
'4chan-js'
https://api.github.com/repos/EricDupertuis/4chanjs
0
'4chanapi.js'
'4chan-optimize'
'4chanjs'
https://api.github.com/repos/wearefractal/4chanjs
24
'4commons'
'4d-genie'
'4chimg'
https://api.github.com/repos/lolPants/4chimg
0
'4d'
https://api.github.com/repos/envidia/4d
0
'4d-oled'
https://api.github.com/repos/erikkallen/4d-oled
0
'4design'
'4chan-list-webm'
https://api.github.com/repos/ScottyFillups/4chan-list-webm
0
'4d-mapper'
'4dlcd'
'4do'
'4dstudio-localserver'
'4each'
https://api.github.com/repos/egoist/4each
1
'4eck-animate-on-scroll'
'4fe-reactui'
'4finance-components'
'4fe-sass-mixins'
'4f'
'4front'
'4finance-redirect-url'
'4front-ldap-auth'
https://api.github.com/repos/4front/ldap-auth
0
'4front-s3-deployments'
'4ft-bundled-frontend'
'4front-logger'
'4getfull'
'4get'
https://api.github.com/repos/ThePengwin/4get
1
'4front-apphost'
https://api.github.com/repos/4front/apphost
6
'4game-server'
'4log'
https://api.github.com/repos/maxvipon/4log
0
'4lzhan'
'4k'
https://api.github.com/repos/kigiri/4k
3
'4m'
'4loop'
https://api.github.com/repos/raymondborkowski/4loop
1
'4n'
'4npm'
'4meFirst-github-example'
'4pack'
'4p_template'
https://api.github.com/repos/mkdgs/4p_jstemplate
0
'4s'
'4pm-cli'
https://api.github.com/repos/jurepolutnik/4pm-cli
1
'4q'
https://api.github.com/repos/robey/4q
123
'4paradigm_robot_service'
'4s44s4'
'4search'
https://api.github.com/repos/wearefractal/4search
0
'4front-cli'
https://api.github.com/repos/4front/cli
1
'4shared'
'4square-venues'
https://api.github.com/repos/MattCollins84/4square
0
'4yibukaobeiwenjian'
'5'
'4screens-permissions'
https://api.github.com/repos/4screens/4screens-permissions
0
'5-14'
'5-best-rappers-of-all-time'
'5.11'
'4sq'
https://api.github.com/repos/meritt/node-4sq
6
'5.11jineng'
'5.11jishi'
'5.js'
'5.11xixixi'
'4me.env'
'5.25search'
'5.wei-jin-lin'
'500'
'500-server'
https://api.github.com/repos/dan-lee/500-server
1
'5000chou-yen-hoshii'
https://api.github.com/repos/zaxiiii/5000chou-yen-hoshii
0
'500px-display-simulator'
'507'
'500px'
https://api.github.com/repos/ro-ka/node-500px
29
'500-pagelet'
https://api.github.com/repos/bigpipe/500-pagelet
0
'500tech-react-select'
https://api.github.com/repos/JedWatson/react-select
14734
'508-view'
https://api.github.com/repos/agroff/508-view
0
'51hanhan'
'51voa-cli'
'520'
'5201314'
'52-deck'
https://api.github.com/repos/kedoska/52-deck
1
'5082'
https://api.github.com/repos/prettydiff/5082
1
'509dave16-starwars-names'
https://api.github.com/repos/509dave16/starwars-names
0
'52deco'
https://api.github.com/repos/kt3k/52deco
0
'531298683h'
'52sms.js'
'531rikao'
'531'
https://api.github.com/repos/bendrucker/531.js
0
'53test_package'
'540269584'
'53cal-jp-scraper'
https://api.github.com/repos/sanemat/node-53cal-jp-scraper
0
'55'
'555'
'5417-starwars-names'
https://api.github.com/repos/mcostello00/starwars-names
0
'556'
'538'
https://api.github.com/repos/SlexAxton/node-538
16
'55kainiubi'
'55845c8c-43ff-4ce7-8df3-3911e960092b'
'51degrees'
https://api.github.com/repos/51Degreesmobi/51degrees.node
14
'57160000'
'57160017'
'57-script'
https://api.github.com/repos/eetulatja/57-script
0
'57160019'
'56904431eecc23691c1bbf4c072b113d025f17d8'
'57160018'
'57160024'
'57160089'
'57160090'
'57160092'
'57160098'
'57160095'
'57160099'
'57160101'
'57160103'
'57160106'
'57160114'
'57160119'
'57160124'
'57160126'
'57160135'
'57160144'
'57160132'
'57160143'
'57160159'
'57160152'
'57160250'
'57160163'
'57160160'
'57160253'
'57160276'
'57160260'
'57160364'
'57160365'
'57160369'
'57160374'
'57160378'
'57160373'
'57160371'
'57160385'
'57160384'
'57160386'
'57160389'
'57160391'
'57160393'
'57160497'
'57160498'
'57160502'
'57160499'
'57160504'
'57160505'
'57160512'
'57160676'
'57160679'
'57160680'
'57160682'
'57160685'
'57160689'
'57160693'
'57160694'
'57160696'
'57160687'
'57160698'
'57160701'
'57160704'
'57160703'
'57160706'
'57160710'
'57160713'
'58'
'57168888'
'57169999'
'58replace'
'597838452'
'59feserver'
'5984'
https://api.github.com/repos/jo/5984
1
'5_11'
'5a'
'5aces-service-registry'
'5aces-service-marco'
'5aces-client-web'
'5aces-service-ping'
'5aces-service-root'
'5blayer'
https://api.github.com/repos/5bei/5blayer
1
'5f_inputcheck'
'5c6jl_webpack_button'
'5feb_deep'
'5f_eventemitter'
'5dfa2300-7980-4b5a-9590-409fc5375996'
'59rb'
'5argon-react-scripts'
https://api.github.com/repos/facebookincubator/create-react-app
60223
'5lack'
'5minds-editorconfig-installer'
'5ndn-fsm'
https://api.github.com/repos/5ndn/fsm
1
'5m'
https://api.github.com/repos/fibo/5m
1
'5rolli-time-summarizer'
https://api.github.com/repos/moqada/5rolli-time-summarizer
0
'5rolli-story-client'
https://api.github.com/repos/moqada/5rolli-story-client
0
'5sigma-ui'
https://api.github.com/repos/5Sigma/5sigma-ui
0
'5rolli-workflowy2trello'
https://api.github.com/repos/moqada/5rolli-workflowy2trello
3
'5star'
'5sing-sdk'
https://api.github.com/repos/i5sing/5sing-sdk
6
'5th'
https://api.github.com/repos/ryayak1460/5th
0
'5to6'
'6'
'6-9'
'6-buffers'
'6-comp-test'
https://api.github.com/repos/xjdesigns/6CompTest
0
'6.10'
'6.10test'
'5to6-codemod'
https://api.github.com/repos/5to6/codemod
169
'6.12test'
'6.9'
'6.22r'
'6.js'
'6.9zice'
'60fps-scroll-element'
https://api.github.com/repos/timsuchanek/60fps-scroll-element
4
'60frames-coding-standards'
https://api.github.com/repos/60frames/coding-standards
0
'600px'
https://api.github.com/repos/jenius/node-500px
2
'6-to-library'
https://api.github.com/repos/tomekwi/6-to-library.js
2
'62.5percent'
https://api.github.com/repos/iStuffs/62.5percent
0
'60gs'
https://api.github.com/repos/vladocar/60gs
55
'612web'
'625'
https://api.github.com/repos/continuationlabs/625
0
'6306a0b140dd4f0013d003cb5aed8ef3'
'626'
'64bigint'
https://api.github.com/repos/gittygitgit/64BitInt
0
'6502-reasm'
https://api.github.com/repos/satoshinm/6502-reasm
2
'64'
https://api.github.com/repos/lovell/64
44
'6502-disasm'
https://api.github.com/repos/bgourlie/6502-disasm
1
'65535'
'65555'
'65710f05-a7c1-48d1-9ee5-acdfb7f70007'
https://api.github.com/repos/npm/security-holder
49
'666'
'666-6'
'666npm'
'666-http'
'68kejian'
'66'
'68kejian.com'
'69'
'67168843dda5a1972a3a2b0a3e4ebba5'
https://api.github.com/repos/CILP/PropertyMaper
0
'69d1a00e-7f6c-40a4-ab2e-70257bcd245c-es2015'
https://api.github.com/repos/npm/security-holder
49
'6b2f7cba85b3b7129e74b5db7b1a23df'
'6aika-paatos-client'
https://api.github.com/repos/Metatavu/6aika-paatos-client
0
'6502.ts'
https://api.github.com/repos/6502ts/6502.ts
22
'6c'
'6bit-encoder'
https://api.github.com/repos/thlorenz/6bit-encoder
1
'6brain'
'6cjxsscyfifgqq48wwvh6r4byjv8xluc'
https://api.github.com/repos/npm/security-holder
49
'6god'
https://api.github.com/repos/gretzky/6god
1
'6lowpan'
https://api.github.com/repos/Alex-Ayala-Bonilla/6lowpan
1
'6nimmt-utils'
'6pm'
https://api.github.com/repos/jka6502/6pm
0
'6nimmt-card'
'6rupsrodzhcmn17rlfxd857qk3ijrzho'
https://api.github.com/repos/npm/security-holder
49
'6px-alert-service'
https://api.github.com/repos/xjdesigns/angular-alert-service
0
'6s'
https://api.github.com/repos/pacocoursey/6s
1
'6px'
'6thman-field'
'6sense'
'6thman-office'
'6bin'
https://api.github.com/repos/anthill/6bin
0
'6thman-shared'
'6to5-brunch'
https://api.github.com/repos/es128/6to5-brunch
69
'6to5-connect'
https://api.github.com/repos/sebmck/6to5-connect
23
'6to5-browserify'
https://api.github.com/repos/sebmck/6to5-browserify
1577
'6to5-jest'
'6to5-library-boilerplate'
https://api.github.com/repos/6to5/6to5-library-boilerplate
375
'6to5-sluff'
'6to5-loader'
https://api.github.com/repos/Couto/6to5-loader
3357
'6yuezk1'
'7'
'6to5ify'
https://api.github.com/repos/sebmck/6to5-browserify
1577
'6xs'
https://api.github.com/repos/jelz/6xs
3
'7-26'
'7-6'
'7-8'
'7-figure-cycle-review'
'7-min-workout'
'6to5-runtime'
https://api.github.com/repos/6to5/6to5
30821
'7.5'
'7-segment'
https://api.github.com/repos/sketchthat/7-segment-node
1
'7.6-2'
'7.js'
'7.6quchong'
'7.10'
'7-ui'
'70-480-chapter2-3-05d-math_example'
'718'
'720-loading'
'701-nodejs-api'
https://api.github.com/repos/kamoljan/nodejs-api
0
'73-first-module'
https://api.github.com/repos/vetm73/first-module
0
'73s'
'70'
https://api.github.com/repos/quart-search/70
0
'7-1'
https://api.github.com/repos/spencermcw/7-1-pattern
0
'7480_math_example'
'74js'
'7581c8fc'
'75.weekly'
https://api.github.com/repos/LC2010/75.weekly
4
'7239'
https://api.github.com/repos/charmander/7239
0
'77'
'727-weather-cli'
'777-data-structures'
https://api.github.com/repos/dmitriiabramov/777
0
'777-matchers'
https://api.github.com/repos/dmitriiabramov/777
0
'777'
https://api.github.com/repos/dmitriiabramov/777
0
'78579'
'777-reporter-spec'
https://api.github.com/repos/dmitriiabramov/777
0
'781763060'
https://api.github.com/repos/sk7817/skJS
0
'794118498zhu'
'789456'
'789test'
'7amadatestpackage'
'777-spy'
https://api.github.com/repos/dmitriiabramov/777
0
'76'
'777-utils'
https://api.github.com/repos/dmitriiabramov/777
0
'7d00967bcae2bf4562d63907314305e9'
https://api.github.com/repos/fredydeltoro/Md5_Hash
0
'7daysnode'
'7c-react-loader'
https://api.github.com/repos/mparulski/7c-react-loader
0
'7daystodie-api-wrapper'
https://api.github.com/repos/CatalysmsServerManager/7-Days-to-Die-API-wrapper
0
'6to5-core'
https://api.github.com/repos/6to5/6to5
30821
'7digital-cli'
'7eleven'
'7geese'
https://api.github.com/repos/maxparm/7geese-command-line
2
'7hoo'
https://api.github.com/repos/iamweilee/hoo
0
'7f'
https://api.github.com/repos/flosse/node-7f
0
'7hoo-autocode'
https://api.github.com/repos/iamweilee/autocode
1
'7id'
https://api.github.com/repos/tecnospeed/7ID
2
'7hoo-say'
https://api.github.com/repos/Marak/say.js
890
'7min.io'
'7lab_groove_test'
https://api.github.com/repos/andrewrk/node-groove
135
'7niu-webpack-plugin'
https://api.github.com/repos/zhengxs2018/7niu-webpack-plugin
0
'7udoc'
https://api.github.com/repos/NSFA/ysfdoc
2
'7up'
'7shifts'
'7xutgwcbyhwpwzo292ustuko9g78zi2v'
https://api.github.com/repos/npm/security-holder
49
'7z'
'7z-extract'
https://api.github.com/repos/leemm/7z-extract
0
'7wc'
'7z-stream'
https://api.github.com/repos/jalcaldea/7z-stream
4
'7za'
'7ya-ui'
'7niu'
https://api.github.com/repos/cloudcome/nodejs-7niu
0
'7zip'
https://api.github.com/repos/fritx/win-7zip
3
'7zip-bin-mac'
https://api.github.com/repos/develar/7zip-bin
24
'7pass-node-sdk'
https://api.github.com/repos/p7s1-ctf/7pass-nodejs-sdk
2
'7zip-bin-osx'
https://api.github.com/repos/develar/7zip-bin
24
'7zip-bin-linux'
https://api.github.com/repos/develar/7zip-bin
24
'7zip-min'
https://api.github.com/repos/onikienko/7zip-min
0
'8'
'8-17'
'7zip-bin-win'
https://api.github.com/repos/develar/7zip-bin
24
'7zjs'
https://api.github.com/repos/justinmchase/7zjs
0
'7zip-standalone'
https://api.github.com/repos/DenisKudelin/node-7zip-standalone
1
'8-bit'
'8.30'
'8-point'
https://api.github.com/repos/chantastic/8-point
19
'8.5'
'8.61606a'
'8.6week1'
'8.js'
'8-bit-mario'
https://api.github.com/repos/Mathdrquinn/8-Bit-Mario
0
'80-20'
https://api.github.com/repos/ansteh/80-20
1
'8-files'
'8.9.4'
'8-point-grid'
https://api.github.com/repos/sethne/8-point-grid
18
'80s'
'81'
'8139-test-echo'
'7zip-bin'
https://api.github.com/repos/develar/7zip-bin
24
'824'
'8424'
'84rhqi0u5yuytiho'
'8583'
https://api.github.com/repos/diorahman/iso8583
9
'8583-parser'
https://api.github.com/repos/esgama/iso8583
1
'88131787'
'8005-panda-lang'
https://api.github.com/repos/codetilldrop/8005-Programming-Language
5
'888'
'888-exercise-starter-kit'
'88'
https://api.github.com/repos/andyliu/hi-npm
0
'86400k'
https://api.github.com/repos/dominictarr/86400k
4
'8888acc-shared-helper'
https://api.github.com/repos/npm/security-holder
49
'8888acc-utility-service-nodejs-clien'
https://api.github.com/repos/npm/security-holder
49
'8964'
'80cents'
'88slot-ap'
'89hi'
'88nine'
https://api.github.com/repos/radiomilwaukee/88nine
3
'8_30'
'8_9'
'89f30302-a286-4d96-a9c1-cb46884f262f'
'8art'
'8ball-bot'
https://api.github.com/repos/GeneralUnRest/8ball-bot
0
'8b10b'
https://api.github.com/repos/ravenstine/8b10b
1
'8ballpoolhacks'
'8ball'
'8bit'
https://api.github.com/repos/rogeriopvl/8bit
31
'8chan'
https://api.github.com/repos/npm/security-holder
49
'8colors'
https://api.github.com/repos/jmdisuanco/8colors
0
'8columns-cli'
'8columns-hello-world-module'
'7digital-api'
https://api.github.com/repos/raoulmillais/7digital-api
33
'8d8'
https://api.github.com/repos/fampinheiro/8d8
0
'8bits'
https://api.github.com/repos/akenn/8bits
4
'8fold-marked'
https://api.github.com/repos/8fold/marked
0
'8f5e00f2f2da6631fe417993a818efe6'
'8fold-simplemde'
https://api.github.com/repos/8fold/simplemde-markdown-editor
0
'8o'
https://api.github.com/repos/irbiznl/oxide
1
'8gua'
https://api.github.com/repos/8gua-blog/8gua-cli
0
'8pack'
'8pig-ui'
'8fold-web-assets'
https://api.github.com/repos/8fold/8fold-web-assets
0
'8t'
https://api.github.com/repos/sterpe/8t
0
'8x.js'
'8base'
'8part-sdk'
'8x8-matrix'
https://api.github.com/repos/simonmeusel/node-8x8-matrix
0
'9.28'
'9.29wookjiaxin'
'9'
'9.13'
'9.js'
'9-'
'9.26'
'9001duankou'
'906_landing'
'90s'
'906landing'
'911-im-having-a-stroke'
'911e1d3588math_example'
'9000'
https://api.github.com/repos/corneliusrupert/9000
0
'8x8matrix'
https://api.github.com/repos/nerdchandise/Adafruit-8x8-Matrix-with-NodeJS
0
'9188-beta'
'9188-cli'
'923in9d2in3'
'91video-resolver'
'91jin'
'9292'
'96'
'9292ov'
https://api.github.com/repos/JBlaak/NodeJS-9292
3
'98'
'959.js'
https://api.github.com/repos/nyon/959.js
2
'6to5'
https://api.github.com/repos/6to5/6to5
30821
'9785581foobar'
'9876543'
'98k-cli'
'99'
'9188'
'98k-loading'
https://api.github.com/repos/coiorz/98k-loading
1
'999'
https://api.github.com/repos/wearefractal/999
1
'99bugs-led-display'
https://api.github.com/repos/sillevl/99bugs-led-display
0
'99damage-api'
https://api.github.com/repos/derpierre65/99damage-api
0
'99designs-tasks'
'99designs-tasks-slack-bot'
'99roomz-noti'
'99stack'
'99dl'
'99roomz-react-slick'
https://api.github.com/repos/akiran/react-slick
6054
'99talents-components'
'99voices_npm_authentication_client'
'98k'
https://api.github.com/repos/coiorz/98k
1
'99voices_npm_profiles_client'
'99voices_npm_recordings_client'
'99voices_npm_logger'
'99voices_npm_tyk_client'
'9Wares-js'
'8x.pay'
'9c-lord-backend'
https://api.github.com/repos/npm/security-holder
49
'9de'
https://api.github.com/repos/pawanpec/9de
0
'9cli'
'9cf-chart'
'9fbank'
'9f-fabric-sdk'
'9dots-firebase-mock'
https://api.github.com/repos/soumak77/firebase-mock
180
'9fsdk'
'9f'
https://api.github.com/repos/Noob-Lab/noob-init-9f
7
'9fbank_app_api'
https://api.github.com/repos/liujinjian1016/9fbank_app_api
0
'9anime-scraper'
https://api.github.com/repos/Squishy123/9anime-scraper
0
'9gag-feed'
https://api.github.com/repos/mquintal/9gag-feed
0
'9e-sass-lint'
'9gag-random'
https://api.github.com/repos/sohje/9gag-random
2
'9gag'
https://api.github.com/repos/ruial/9gag
7
'9fbank-cli'
'9fstock-vue-cli'
'9gag-scraper'
https://api.github.com/repos/shylesh107/9gag-scraper
2
'9gif'
https://api.github.com/repos/timomeh/9gif
1
'9p'
'9ku.fm'
'9tsu-tag-fetcher'
https://api.github.com/repos/freddiefujiwara/9tsu-tag-fetcher
0
'9kw'
https://api.github.com/repos/iamfreee/9kw_node
0
'9wmuypsg'
'9wares-react'
'9z'
'9xbuddyextractor'
'@(._.)/execute'
https://api.github.com/repos/omrilotan/mono
2
'@(._.)/assign'
https://api.github.com/repos/omrilotan/mono
2
'@----/-'
'@(._.)/oooooo'
https://api.github.com/repos/omrilotan/mono
2
'@-)/core'
https://api.github.com/repos/jdiehl/core
0
'@-x-/t'
'@01ht/ht-analytics'
https://api.github.com/repos/01ht/ht-analytics
0
'@01ht/ht-animated-image'
https://api.github.com/repos/01ht/ht-animated-image
0
'@-)/utils'
https://api.github.com/repos/jdiehl/utils
0
'@01ht/ht-chip'
https://api.github.com/repos/01ht/ht-chip
0
'@01ht/ht-account-settings'
https://api.github.com/repos/01ht/ht-account-settings
0
'@01ht/ht-client-helper-functions'
https://api.github.com/repos/01ht/ht-client-helper-functions
0
'@01ht/ht-date'
https://api.github.com/repos/01ht/ht-date
0
'@01ht/ht-drawer-logo'
https://api.github.com/repos/01ht/ht-drawer-logo
0
'@01ht/ht-drawer-nav'
https://api.github.com/repos/01ht/ht-drawer-nav
0
'@01ht/ht-api-helper-functions'
https://api.github.com/repos/01ht/ht-api-helper-functions
0
'@01ht/ht-elements-cart-modal'
https://api.github.com/repos/01ht/ht-elements-cart-modal
0
'@01ht/ht-elements-cart'
https://api.github.com/repos/01ht/ht-elements-cart
0
'@01ht/ht-elements-item-youtube-preview'
https://api.github.com/repos/01ht/ht-elements-item-youtube-preview
0
'@01ht/ht-end-drawer-nav'
https://api.github.com/repos/01ht/ht-end-drawer-nav
0
'@01ht/ht-elements-catalog'
https://api.github.com/repos/01ht/ht-elements-catalog
0
'@01ht/ht-elements-toolbar-signin-menu'
https://api.github.com/repos/01ht/ht-elements-toolbar-signin-menu
0
'@01ht/ht-elements-item'
https://api.github.com/repos/01ht/ht-elements-item
0
'@01ht/ht-image-slider'
https://api.github.com/repos/01ht/ht-image-slider
0
'@01ht/ht-image'
https://api.github.com/repos/01ht/ht-image
0
'@01ht/ht-item-editor'
https://api.github.com/repos/01ht/ht-item-editor
0
'@01ht/ht-nothing-found-placeholder'
https://api.github.com/repos/01ht/ht-nothing-found-placeholder
0
'@01ht/ht-layout-row'
https://api.github.com/repos/01ht/ht-layout-row
0
'@01ht/ht-need-login'
https://api.github.com/repos/01ht/ht-need-login
0
'@01ht/ht-organization'
https://api.github.com/repos/01ht/ht-organization
0
'@01ht/ht-organization-editor'
https://api.github.com/repos/01ht/ht-organization-editor
0
'@01ht/ht-page-view-element'
https://api.github.com/repos/01ht/ht-page-view-element
0
'@01ht/ht-spinner'
https://api.github.com/repos/01ht/ht-spinner
0
'@01ht/ht-storage'
https://api.github.com/repos/01ht/ht-storage
0
'@01ht/ht-toolbar-apps-button'
https://api.github.com/repos/01ht/ht-toolbar-apps-button
0
'@01ht/ht-toast'
https://api.github.com/repos/01ht/ht-toast
0
'@01ht/ht-toolbar-balance'
https://api.github.com/repos/01ht/ht-toolbar-balance
0
'@01ht/ht-toolbar-cart'
https://api.github.com/repos/01ht/ht-toolbar-cart
0
'@01ht/ht-toolbar-logo'
https://api.github.com/repos/01ht/ht-toolbar-logo
0
'@01ht/ht-toolbar-menu-button'
https://api.github.com/repos/01ht/ht-toolbar-menu-button
0
'@01ht/ht-typed-text'
https://api.github.com/repos/01ht/ht-typed-text
1
'@01ht/ht-toolbar-nav'
https://api.github.com/repos/01ht/ht-toolbar-nav
0
'@01ht/ht-user'
https://api.github.com/repos/01ht/ht-user
0
'@01ht/ht-toolbar-signin'
https://api.github.com/repos/01ht/ht-toolbar-signin
0
'@01ht/test-test'
'@01ht/ht-user-avatar'
https://api.github.com/repos/01ht/ht-user-avatar
0
'@01ht/ht-wysiwyg'
https://api.github.com/repos/01ht/ht-wysiwyg
0
'9wares'
'@0devco/chart'
https://api.github.com/repos/0devco/chart
0
'@0devco/crabs'
https://api.github.com/repos/0devco/crabs
0
'@0devs/config-from-json'
https://api.github.com/repos/0devs/node-config-from-json
0
'@0devs/config'
https://api.github.com/repos/mafjs/config
0
'@0devco/v-permit'
https://api.github.com/repos/0devco/v-permit
0
'@0devs/error'
https://api.github.com/repos/0devs/node-error
0
'@0x-lerna-fork/add'
https://api.github.com/repos/lerna/lerna
13549
'@0x-lerna-fork/batch-packages'
https://api.github.com/repos/lerna/lerna
13549
'@0x-lerna-fork/bootstrap'
https://api.github.com/repos/lerna/lerna
13549
'@0x-lerna-fork/clean'
https://api.github.com/repos/lerna/lerna
13549
'@0x-lerna-fork/child-process'
https://api.github.com/repos/lerna/lerna
13549
'@0x-lerna-fork/changed'
https://api.github.com/repos/lerna/lerna
13549
'@0devs/package'
https://api.github.com/repos/0devs/node-package
0
'@0x-lerna-fork/collect-packages'
https://api.github.com/repos/lerna/lerna
13549
'@0x-lerna-fork/collect-updates'
https://api.github.com/repos/lerna/lerna
13549
'@0x-lerna-fork/cli'
https://api.github.com/repos/lerna/lerna
13549
'@0x-lerna-fork/conventional-commits'
https://api.github.com/repos/lerna/lerna
13549
'@0x-lerna-fork/command'
https://api.github.com/repos/lerna/lerna
13549
'@0x-lerna-fork/create'
https://api.github.com/repos/lerna/lerna
13549
'@0x-lerna-fork/create-symlink'
https://api.github.com/repos/lerna/lerna
13549
'@0x-lerna-fork/diff'
https://api.github.com/repos/lerna/lerna
13549
'@0x-lerna-fork/exec'
https://api.github.com/repos/lerna/lerna
13549
'@0x-lerna-fork/filter-options'
https://api.github.com/repos/lerna/lerna
13549
'@0x-lerna-fork/filter-packages'
https://api.github.com/repos/lerna/lerna
13549
'@0x-lerna-fork/get-npm-exec-opts'
https://api.github.com/repos/lerna/lerna
13549
'@0x-lerna-fork/global-options'
https://api.github.com/repos/lerna/lerna
13549
'@0x-lerna-fork/import'
https://api.github.com/repos/lerna/lerna
13549
'@0x-lerna-fork/init'
https://api.github.com/repos/lerna/lerna
13549
'@0x-lerna-fork/link'
https://api.github.com/repos/lerna/lerna
13549
'@0x-lerna-fork/lerna'
https://api.github.com/repos/0xproject/lerna
1
'@0x-lerna-fork/list'
https://api.github.com/repos/lerna/lerna
13549
'@08eins/dotter-toolbox'
'@0x-lerna-fork/map-to-registry'
https://api.github.com/repos/lerna/lerna
13549
'@0x-lerna-fork/npm-conf'
https://api.github.com/repos/lerna/lerna
13549
'@0x-lerna-fork/npm-install'
https://api.github.com/repos/lerna/lerna
13549
'@0x-lerna-fork/npm-dist-tag'
https://api.github.com/repos/lerna/lerna
13549
'@0x-lerna-fork/npm-publish'
https://api.github.com/repos/lerna/lerna
13549
'@0x-lerna-fork/npm-run-script'
https://api.github.com/repos/lerna/lerna
13549
'@0x-lerna-fork/package'
https://api.github.com/repos/lerna/lerna
13549
'@0x-lerna-fork/output'
https://api.github.com/repos/lerna/lerna
13549
'@0x-lerna-fork/package-graph'
https://api.github.com/repos/lerna/lerna
13549
'@0x-lerna-fork/project'
https://api.github.com/repos/lerna/lerna
13549
'@0x-lerna-fork/prompt'
https://api.github.com/repos/lerna/lerna
13549
'@0x-lerna-fork/rimraf-dir'
https://api.github.com/repos/lerna/lerna
13549
'@0x-lerna-fork/resolve-symlink'
https://api.github.com/repos/lerna/lerna
13549
'@0x-lerna-fork/run'
https://api.github.com/repos/lerna/lerna
13549
'@0x-lerna-fork/run-lifecycle'
https://api.github.com/repos/lerna/lerna
13549
'@0x-lerna-fork/run-parallel-batches'
https://api.github.com/repos/lerna/lerna
13549
'@0x-lerna-fork/symlink-binary'
https://api.github.com/repos/lerna/lerna
13549
'@0x-lerna-fork/symlink-dependencies'
https://api.github.com/repos/lerna/lerna
13549
'@0x-lerna-fork/publish'
https://api.github.com/repos/lerna/lerna
13549
'@0x-lerna-fork/validation-error'
https://api.github.com/repos/lerna/lerna
13549
'@0x-lerna-fork/write-log-file'
https://api.github.com/repos/lerna/lerna
13549
'@0x0/vue-js-popover'
https://api.github.com/repos/euvl/vue-js-popover
220
'@0x0/vue-js-modal'
https://api.github.com/repos/VadimMalykhin/vue-js-modal
0
'@0x130c/learn-npm-publish'
'@0x12b/dotty-cli'
https://api.github.com/repos/0x12b/dotty-cli
1
'@0x0/restify-errors'
https://api.github.com/repos/restify/errors
108
'@0x0/restify'
https://api.github.com/repos/restify/node-restify
8852
'@0x2e757/math-ext'
https://api.github.com/repos/0x2E757/MathExt
0
'@0x2e757/promise-ext'
https://api.github.com/repos/0x2E757/PromiseExt
0
'@0x4447/broccoli'
https://api.github.com/repos/0x4447/0x4447-cli-node-broccoli
5
'@0x4447/grapes'
https://api.github.com/repos/0x4447/0x4447-cli-node-grapes
1
'@0x4447/avocado'
https://api.github.com/repos/0x4447/0x4447-cli-node-avocado
1
'@0x4447/cucumber'
https://api.github.com/repos/0x4447/0x4447-cli-node-cucumber
3
'@0x4447/hotpepper'
'@0x4447/strawberry'
https://api.github.com/repos/0x4447/0x4447-cli-node-strawberry
1
'@0x5e/react-native-alipay'
https://api.github.com/repos/0x5e/react-native-alipay
70
'@0x4447/tomato'
https://api.github.com/repos/0x4447/0x4447-cli-node-tomato
3
'@0x4447/potato'
https://api.github.com/repos/0x4447/0x4447-cli-node-potato
6
'@0x7/id-convert'
'@0x7/render-label'
'@0x6b/textlint-rule-normalize-whitespaces'
https://api.github.com/repos/0x6b/textlint-rule-normalize-whitespaces
1
'@0xaio/babel-preset-react-app'
https://api.github.com/repos/facebookincubator/create-react-app
60223
'@0xaio/eslint-config-react-app'
https://api.github.com/repos/facebookincubator/create-react-app
60223
'@0xaio/create-react-app'
https://api.github.com/repos/facebookincubator/create-react-app
60223
'@0xaio/react-dev-utils'
https://api.github.com/repos/facebookincubator/create-react-app
60223
'@0xaio/react-error-overlay'
https://api.github.com/repos/facebookincubator/create-react-app
60223
'@0xcda7a/empathy-test'
'@0xcda7a/empathy'
https://api.github.com/repos/PolymerLabs/empathy
4
'@0xaio/react-scripts'
https://api.github.com/repos/facebookincubator/create-react-app
60223
'@0xcda7a/path-to-regexp-es6'
https://api.github.com/repos/pillarjs/path-to-regexp
3516
'@0xcert/crypto'
'@0xcda7a/test-runner'
'@0xcert/ethereum'
https://api.github.com/repos/0xcert/ethereum
11
'@0xcda7a/redux-es6'
https://api.github.com/repos/reactjs/redux
45536
'@0x6368656174/wp-builder'
https://api.github.com/repos/0x6368656174/wp-builder
0
'@0xcert/erc721-validator'
https://api.github.com/repos/0xcert/erc721-validator
7
'@0xcert/ethereum-erc20'
https://api.github.com/repos/0xcert/ethereum-erc20
20
'@0xcert/ethereum-utils'
https://api.github.com/repos/0xcert/ethereum-utils
9
'@0xcert/merkle-tree'
'@0xcert/web3-dxm'
'@0xcda7a/npm'
https://api.github.com/repos/npm/npm
17074
'@0xcert/web3-erc20'
'@0xcert/web3-erc721'
'@0xcert/web3-proxy'
'@0xcert/ethereum-zxc'
https://api.github.com/repos/0xcert/ethereum-zxc
13
'@0xcert/truffle'
https://api.github.com/repos/trufflesuite/truffle
7347
'@0xcert/ethereum-scanner'
'@0xcert/web3-sandbox'
'@0xcert/web3-zxc'
'@0xcert/web3-xcert'
'@0xcert/web3-dex'
'@0xcert/ethereum-erc721'
https://api.github.com/repos/0xcert/ethereum-erc721
99
'@0xcmp/gdax'
https://api.github.com/repos/coinbase/gdax-node
655
'@0xcert/ethereum-xcert'
https://api.github.com/repos/0xcert/ethereum-xcert
22
'@0xproject/asset-buyer'
https://api.github.com/repos/0xProject/0x-monorepo
900
'@0xproject/assert'
https://api.github.com/repos/0xProject/0x-monorepo
900
'@0xproject/abi-gen'
https://api.github.com/repos/0xProject/0x-monorepo
900
'@0xproject/base-contract'
https://api.github.com/repos/0xProject/0x-monorepo
900
'@0xproject/deployer'
https://api.github.com/repos/0xProject/0x-monorepo
900
'@0xproject/forwarder-helper'
https://api.github.com/repos/0xProject/0x-monorepo
900
'@0xproject/contract-wrappers'
https://api.github.com/repos/0xProject/0x-monorepo
900
'@0xproject/fill-scenarios'
https://api.github.com/repos/0xProject/0x-monorepo
900
'@0xproject/connect'
https://api.github.com/repos/0xProject/0x-monorepo
900
'@0xproject/dev-utils'
https://api.github.com/repos/0xProject/0x-monorepo
900
'@0xproject/monorepo-scripts'
https://api.github.com/repos/0xProject/0x-monorepo
900
'@0xproject/migrations'
'@0xproject/json-schemas'
https://api.github.com/repos/0xProject/0x-monorepo
900
'@0xproject/order-utils'
https://api.github.com/repos/0xProject/0x-monorepo
900
'@0xproject/order-watcher'
https://api.github.com/repos/0xProject/0x-monorepo
900
'@0xproject/sol-doc'
https://api.github.com/repos/0xProject/0x-monorepo
900
'@0xproject/react-docs'
https://api.github.com/repos/0xProject/0x-monorepo
900
'@0xproject/sra-api'
https://api.github.com/repos/0xProject/0x-monorepo
900
'@0xproject/react-shared'
https://api.github.com/repos/0xProject/0x-monorepo
900
'@0xproject/sol-compiler'
https://api.github.com/repos/0xProject/0x-monorepo
900
'@0xproject/sol-resolver'
https://api.github.com/repos/0xProject/0x-monorepo
900
'@0xproject/sra-spec'
https://api.github.com/repos/0xProject/0x-monorepo
900
'@0xproject/sol-cov'
https://api.github.com/repos/0xProject/0x.js
900
'@0xproject/sra-report'
https://api.github.com/repos/0xProject/0x-monorepo
900
'@0xproject/tslint-config'
https://api.github.com/repos/0xProject/0x-monorepo
900
'@0xproject/typescript-typings'
https://api.github.com/repos/0xProject/0x-monorepo
900
'@0xproject/subproviders'
'@1000ch/array-find'
https://api.github.com/repos/1000ch/array-find
0
'@0xproject/types'
https://api.github.com/repos/0xProject/0x-monorepo
900
'@1000ch/html-escape'
https://api.github.com/repos/1000ch/html-escape
0
'@1000ch/html-unescape'
https://api.github.com/repos/1000ch/html-unescape
1
'@1000ch/load-script'
https://api.github.com/repos/1000ch/load-script
0
'@1024x2/plain.js'
https://api.github.com/repos/1024x2/plainjs
0
'@104corp/espack'
https://api.github.com/repos/104corp/espack
10
'@1000ch/eslint-config-react'
https://api.github.com/repos/1000ch/eslint-config-react
0
'@1010543618/page-editor'
https://api.github.com/repos/1010543618/page-editor
0
Traceback (most recent call last):
  File "gitpkgd.py", line 48, in <module>
    for doc in cursor:
  File "/usr/local/lib64/python3.6/site-packages/pymongo/cursor.py", line 1189, in next
    if len(self.__data) or self._refresh():
  File "/usr/local/lib64/python3.6/site-packages/pymongo/cursor.py", line 1126, in _refresh
    self.__send_message(g)
  File "/usr/local/lib64/python3.6/site-packages/pymongo/cursor.py", line 982, in __send_message
    helpers._check_command_response(first)
  File "/usr/local/lib64/python3.6/site-packages/pymongo/helpers.py", line 152, in _check_command_response
    raise CursorNotFound(errmsg, code, response)
pymongo.errors.CursorNotFound: cursor id 12974323703 not found
